0 info it worked if it ends with ok
1 verbose cli [ 'C:\\Program Files\\nodejs\\node.exe',
1 verbose cli   'C:\\Users\\calganse\\AppData\\Roaming\\npm\\node_modules\\npm\\bin\\npm-cli.js',
1 verbose cli   'run',
1 verbose cli   'dev' ]
2 info using npm@3.10.5
3 info using node@v8.9.4
4 verbose run-script [ 'predev', 'dev', 'postdev' ]
5 info lifecycle retest@1.0.0~predev: retest@1.0.0
6 silly lifecycle retest@1.0.0~predev: no script for predev, continuing
7 info lifecycle retest@1.0.0~dev: retest@1.0.0
8 verbose lifecycle retest@1.0.0~dev: unsafe-perm in lifecycle true
9 verbose lifecycle retest@1.0.0~dev: PATH: C:\Users\calganse\AppData\Roaming\npm\node_modules\npm\bin\node-gyp-bin;D:\Projects\test\vuejs\retest\node_modules\.bin;C:\Program Files\nodejs;C:\ProgramData\Oracle\Java\javapath;C:\WINDOWS\system32;C:\WINDOWS;C:\WINDOWS\System32\Wbem;C:\WINDOWS\System32\WindowsPowerShell\v1.0\;C:\Program Files (x86)\ATI Technologies\ATI.ACE\Core-Static;C:\Program Files\Microsoft SQL Server\120\Tools\Binn\;C:\Program Files\Microsoft SQL Server\130\Tools\Binn\;C:\Program Files\Microsoft SQL Server\120\DTS\Binn\;C:\Program Files\Microsoft SQL Server\Client SDK\ODBC\110\Tools\Binn\;C:\Program Files (x86)\Microsoft SQL Server\120\Tools\Binn\;C:\Program Files (x86)\Microsoft SQL Server\120\Tools\Binn\ManagementStudio\;C:\Program Files (x86)\Microsoft SQL Server\120\DTS\Binn\;C:\Program Files\dotnet\;C:\Program Files\VDownloader;C:\Program Files\nodejs\;C:\Program Files\Git\cmd;C:\Users\calganse\AppData\Local\Microsoft\WindowsApps;C:\Users\calganse\AppData\Local\Programs\Fiddler;C:\Users\calganse\AppData\Roaming\npm;C:\Program Files\Microsoft VS Code\bin;C:\Users\calganse\AppData\Local\Microsoft\WindowsApps
10 verbose lifecycle retest@1.0.0~dev: CWD: D:\Projects\test\vuejs\retest
11 silly lifecycle retest@1.0.0~dev: Args: [ '/d /s /c',
11 silly lifecycle   'cross-env NODE_ENV=development webpack-dev-server --open --hot' ]
12 silly lifecycle retest@1.0.0~dev: Returned: code: 3221225786  signal: null
13 info lifecycle retest@1.0.0~dev: Failed to exec dev script
14 verbose stack Error: retest@1.0.0 dev: `cross-env NODE_ENV=development webpack-dev-server --open --hot`
14 verbose stack Exit status 3221225786
14 verbose stack     at EventEmitter.<anonymous> (C:\Users\calganse\AppData\Roaming\npm\node_modules\npm\lib\utils\lifecycle.js:242:16)
14 verbose stack     at emitTwo (events.js:126:13)
14 verbose stack     at EventEmitter.emit (events.js:214:7)
14 verbose stack     at ChildProcess.<anonymous> (C:\Users\calganse\AppData\Roaming\npm\node_modules\npm\lib\utils\spawn.js:40:14)
14 verbose stack     at emitTwo (events.js:126:13)
14 verbose stack     at ChildProcess.emit (events.js:214:7)
14 verbose stack     at maybeClose (internal/child_process.js:925:16)
14 verbose stack     at Process.ChildProcess._handle.onexit (internal/child_process.js:209:5)
15 verbose pkgid retest@1.0.0
16 verbose cwd D:\Projects\test\vuejs\retest
17 error Windows_NT 10.0.16299
18 error argv "C:\\Program Files\\nodejs\\node.exe" "C:\\Users\\calganse\\AppData\\Roaming\\npm\\node_modules\\npm\\bin\\npm-cli.js" "run" "dev"
19 error node v8.9.4
20 error npm  v3.10.5
21 error code ELIFECYCLE
22 error retest@1.0.0 dev: `cross-env NODE_ENV=development webpack-dev-server --open --hot`
22 error Exit status 3221225786
23 error Failed at the retest@1.0.0 dev script 'cross-env NODE_ENV=development webpack-dev-server --open --hot'.
23 error Make sure you have the latest version of node.js and npm installed.
23 error If you do, this is most likely a problem with the retest package,
23 error not with npm itself.
23 error Tell the author that this fails on your system:
23 error     cross-env NODE_ENV=development webpack-dev-server --open --hot
23 error You can get information on how to open an issue for this project with:
23 error     npm bugs retest
23 error Or if that isn't available, you can get their info via:
23 error     npm owner ls retest
23 error There is likely additional logging output above.
24 verbose exit [ 1, true ]
